<?xml version="1.0" encoding="UTF-8"?>
<!-- Generated by org.testng.reporters.JUnitReportReporter -->
<testsuite skipped="1" hostname="SM-Corporation" name="dummy.restapi.test.EmployeeApiTests" tests="4" failures="0" timestamp="28 Oct 2018 08:14:08 GMT" time="4.058" errors="0">
  <testcase name="createEmployees" time="4.049" classname="dummy.restapi.test.EmployeeApiTests"/>
  <testcase name="createArrayRequestBody" time="0.006" classname="dummy.restapi.test.EmployeeApiTests"/>
  <testcase name="createJsonArrayRequestBody" time="0.003" classname="dummy.restapi.test.EmployeeApiTests"/>
  <testcase name="patchJsonTest" classname="dummy.restapi.test.EmployeeApiTests">
    <skipped/>
  </testcase> <!-- patchJsonTest -->
</testsuite> <!-- dummy.restapi.test.EmployeeApiTests -->
