<?xml version="1.0" encoding="UTF-8"?>
<!-- Generated by org.testng.reporters.JUnitReportReporter -->
<testsuite hostname="SM-Corporation" failures="0" tests="2" name="aut.ui.google.test.GmailLoginTest" time="23.358" errors="0" timestamp="14 Oct 2018 14:50:12 GMT" skipped="0">
  <testcase classname="aut.ui.google.test.GmailLoginTest" name="LoginTest" time="12.160"/>
  <testcase classname="aut.ui.google.test.GmailLoginTest" name="LoginTest" time="11.198"/>
</testsuite> <!-- aut.ui.google.test.GmailLoginTest -->
