<?xml version="1.0" encoding="UTF-8"?>
<!-- Generated by org.testng.reporters.JUnitReportReporter -->
<testsuite skipped="2" hostname="SM-Corporation" name="dummy.restapi.test.EmployeeApiTests2" tests="4" failures="0" timestamp="01 Nov 2018 17:08:16 GMT" time="3.143" errors="0">
  <testcase name="createEmployees" time="2.209" classname="dummy.restapi.test.EmployeeApiTests2"/>
  <testcase name="createArrayRequestBody" time="0.934" classname="dummy.restapi.test.EmployeeApiTests2"/>
  <testcase name="createJsonArrayRequestBody" classname="dummy.restapi.test.EmployeeApiTests2">
    <skipped/>
  </testcase> <!-- createJsonArrayRequestBody -->
  <testcase name="patchJsonTest" classname="dummy.restapi.test.EmployeeApiTests2">
    <skipped/>
  </testcase> <!-- patchJsonTest -->
</testsuite> <!-- dummy.restapi.test.EmployeeApiTests2 -->
