<?xml version="1.0" encoding="UTF-8"?>
<!-- Generated by org.testng.reporters.JUnitReportReporter -->
<testsuite hostname="SM-Corporation" failures="0" tests="2" name="set.fusion.ui.google.test.GmailLoginTest" time="23.342" errors="0" timestamp="13 Oct 2018 14:29:37 GMT" skipped="0">
  <testcase classname="set.fusion.ui.google.test.GmailLoginTest" name="LoginTest" time="12.116"/>
  <testcase classname="set.fusion.ui.google.test.GmailLoginTest" name="LoginTest" time="11.226"/>
</testsuite> <!-- set.fusion.ui.google.test.GmailLoginTest -->
