<?xml version="1.0" encoding="UTF-8"?>
<!-- Generated by org.testng.reporters.JUnitReportReporter -->
<testsuite skipped="0" hostname="SM-Corporation" name="dummy.restapi.test.CurlLogTest" tests="1" failures="0" timestamp="02 Nov 2018 17:41:30 GMT" time="2.327" errors="0">
  <testcase name="CurlLogCheck" time="2.327" classname="dummy.restapi.test.CurlLogTest"/>
</testsuite> <!-- dummy.restapi.test.CurlLogTest -->
