<?xml version="1.0" encoding="UTF-8"?>
<!-- Generated by org.testng.reporters.JUnitReportReporter -->
<testsuite hostname="SM-Corporation" failures="0" tests="1" name="set.fusion.api.test.parameterizedTest" time="0.011" errors="0" timestamp="07 Oct 2018 15:05:26 GMT" skipped="0">
  <testcase classname="set.fusion.api.test.parameterizedTest" name="ApiPostRequest" time="0.011"/>
</testsuite> <!-- set.fusion.api.test.parameterizedTest -->
