<?xml version="1.0" encoding="UTF-8"?>
<!-- Generated by org.testng.reporters.JUnitReportReporter -->
<testsuite hostname="SM-Corporation" failures="0" tests="1" name="demo.api.test.parameterizedTest" time="0.012" errors="0" timestamp="14 Oct 2018 14:52:15 GMT" skipped="0">
  <testcase classname="demo.api.test.parameterizedTest" name="ApiPostRequest" time="0.012"/>
</testsuite> <!-- demo.api.test.parameterizedTest -->
