<?xml version="1.0" encoding="UTF-8"?>
<!-- Generated by org.testng.reporters.JUnitReportReporter -->
<testsuite hostname="SM-Corporation" failures="0" tests="5" name="set.fusion.api.test.dataProvDemo" time="0.027" errors="0" timestamp="14 Oct 2018 03:06:42 GMT" skipped="0">
  <testcase classname="set.fusion.api.test.dataProvDemo" name="APiTest" time="0.014"/>
  <testcase classname="set.fusion.api.test.dataProvDemo" name="ApiPostRequest" time="0.002"/>
  <testcase classname="set.fusion.api.test.dataProvDemo" name="APiTest" time="0.004"/>
  <testcase classname="set.fusion.api.test.dataProvDemo" name="APiTest" time="0.003"/>
  <testcase classname="set.fusion.api.test.dataProvDemo" name="ApiPostRequest" time="0.004"/>
</testsuite> <!-- set.fusion.api.test.dataProvDemo -->
