<?xml version="1.0" encoding="UTF-8"?>
<!-- Generated by org.testng.reporters.JUnitReportReporter -->
<testsuite skipped="0" hostname="SM-Corporation" name="dummy.restapi.test.CurlTest" tests="1" failures="0" timestamp="03 Nov 2018 03:24:38 GMT" time="4.382" errors="0">
  <testcase name="sampleTest" time="4.382" classname="dummy.restapi.test.CurlTest"/>
</testsuite> <!-- dummy.restapi.test.CurlTest -->
