<?xml version="1.0" encoding="UTF-8"?>
<!-- Generated by org.testng.reporters.JUnitReportReporter -->
<testsuite skipped="0" hostname="SM-Corporation" name="aut.irctc.testscenarios.login.IrctcLogin" tests="1" failures="0" timestamp="25 Nov 2018 06:02:09 GMT" time="7.062" errors="0">
  <testcase name="test" time="7.062" classname="aut.irctc.testscenarios.login.IrctcLogin"/>
</testsuite> <!-- aut.irctc.testscenarios.login.IrctcLogin -->
