<?xml version="1.0" encoding="UTF-8"?>
<!-- Generated by org.testng.reporters.JUnitReportReporter -->
<testsuite hostname="SM-Corporation" failures="0" tests="3" name="set.fusion.api.test.apitest" time="0.026" errors="0" timestamp="13 Oct 2018 18:43:21 GMT" skipped="0">
  <testcase classname="set.fusion.api.test.apitest" name="APiTest" time="0.012"/>
  <testcase classname="set.fusion.api.test.apitest" name="APiTest" time="0.004"/>
  <testcase classname="set.fusion.api.test.apitest" name="APiTest" time="0.010"/>
</testsuite> <!-- set.fusion.api.test.apitest -->
