<?xml version="1.0" encoding="UTF-8"?>
<!-- Generated by org.testng.reporters.JUnitReportReporter -->
<testsuite hostname="SM-Corporation" failures="0" tests="5" name="demo.api.test.dataProvDemo" time="0.040" errors="0" timestamp="14 Oct 2018 14:51:05 GMT" skipped="0">
  <testcase classname="demo.api.test.dataProvDemo" name="APiTest" time="0.014"/>
  <testcase classname="demo.api.test.dataProvDemo" name="ApiPostRequest" time="0.009"/>
  <testcase classname="demo.api.test.dataProvDemo" name="APiTest" time="0.006"/>
  <testcase classname="demo.api.test.dataProvDemo" name="APiTest" time="0.008"/>
  <testcase classname="demo.api.test.dataProvDemo" name="ApiPostRequest" time="0.003"/>
</testsuite> <!-- demo.api.test.dataProvDemo -->
