<?xml version="1.0" encoding="UTF-8"?>
<!-- Generated by org.testng.reporters.JUnitReportReporter -->
<testsuite hostname="SM-Corporation" failures="0" tests="1" name="set.fusion.api.test.apiposttest" time="2.744" errors="0" timestamp="07 Oct 2018 13:57:55 GMT" skipped="0">
  <testcase classname="set.fusion.api.test.apiposttest" name="ApiPostRequest" time="2.744"/>
</testsuite> <!-- set.fusion.api.test.apiposttest -->
