<?xml version="1.0" encoding="UTF-8"?>
<!-- Generated by org.testng.reporters.JUnitReportReporter -->
<testsuite skipped="2" hostname="SM-Corporation" name="dummy.restapi.test.EmployeeApiTests" tests="4" failures="0" timestamp="01 Nov 2018 17:08:16 GMT" time="5.037" errors="0">
  <testcase name="createEmployees" time="4.151" classname="dummy.restapi.test.EmployeeApiTests"/>
  <testcase name="createArrayRequestBody" time="0.886" classname="dummy.restapi.test.EmployeeApiTests"/>
  <testcase name="patchJsonTest" classname="dummy.restapi.test.EmployeeApiTests">
    <skipped/>
  </testcase> <!-- patchJsonTest -->
  <testcase name="createJsonArrayRequestBody" classname="dummy.restapi.test.EmployeeApiTests">
    <skipped/>
  </testcase> <!-- createJsonArrayRequestBody -->
</testsuite> <!-- dummy.restapi.test.EmployeeApiTests -->
