<?xml version="1.0" encoding="UTF-8"?>
<!-- Generated by org.testng.reporters.JUnitReportReporter -->
<testsuite hostname="SM-Corporation" failures="0" tests="1" name="set.fusion.api.test.SampleTest" time="0.009" errors="0" timestamp="18 Sep 2018 17:02:25 GMT" skipped="0">
  <testcase classname="set.fusion.api.test.SampleTest" name="f" time="0.009"/>
</testsuite> <!-- set.fusion.api.test.SampleTest -->
